[    0.000000] Initializing cgroup subsys cpuset
[    0.000000] Initializing cgroup subsys cpu
[    0.000000] Initializing cgroup subsys cpuacct
[    0.000000] Linux version 4.4.0-210-generic (buildd@lgw01-amd64-009) (gcc version 5.4.0 20160609 (Ubuntu 5.4.0-6ubuntu1~16.04.12) ) #242-Ubuntu SMP Fri Apr 16 09:57:56 UTC 2021 (Ubuntu 4.4.0-210.242-generic 4.4.262)
[    0.000000] Command line: BOOT_IMAGE=/boot/vmlinuz-4.4.0-210-generic root=LABEL=cloudimg-rootfs ro console=tty1 console=ttyS0
[    0.000000] KERNEL supported cpus:
[    0.000000]   Intel GenuineIntel
[    0.000000]   AMD AuthenticAMD
[    0.000000]   Centaur CentaurHauls
[    0.000000] x86/fpu: xstate_offset[2]:  576, xstate_sizes[2]:  256
[    0.000000] x86/fpu: Supporting XSAVE feature 0x01: 'x87 floating point registers'
[    0.000000] x86/fpu: Supporting XSAVE feature 0x02: 'SSE registers'
[    0.000000] x86/fpu: Supporting XSAVE feature 0x04: 'AVX registers'
[    0.000000] x86/fpu: Enabled xstate features 0x7, context size is 832 bytes, using 'standard' format.
[    0.000000] e820: BIOS-provided physical RAM map:
[    0.000000] BIOS-e820: [mem 0x0000000000000000-0x000000000009fbff] usable
[    0.000000] BIOS-e820: [mem 0x000000000009fc00-0x000000000009ffff] reserved
[    0.000000] BIOS-e820: [mem 0x00000000000f0000-0x00000000000fffff] reserved
[    0.000000] BIOS-e820: [mem 0x0000000000100000-0x000000003ffeffff] usable
[    0.000000] BIOS-e820: [mem 0x000000003fff0000-0x000000003fffffff] ACPI data
[    0.000000] BIOS-e820: [mem 0x00000000fec00000-0x00000000fec00fff] reserved
[    0.000000] BIOS-e820: [mem 0x00000000fee00000-0x00000000fee00fff] reserved
[    0.000000] BIOS-e820: [mem 0x00000000fffc0000-0x00000000ffffffff] reserved
[    0.000000] NX (Execute Disable) protection: active
[    0.000000] SMBIOS 2.5 present.
[    0.000000] Hypervisor detected: KVM
[    0.000000] e820: last_pfn = 0x3fff0 max_arch_pfn = 0x400000000
[    0.000000] MTRR: Disabled
[    0.000000] x86/PAT: MTRRs disabled, skipping PAT initialization too.
[    0.000000] CPU MTRRs all blank - virtualized system.
[    0.000000] x86/PAT: Configuration [0-7]: WB  WT  UC- UC  WB  WT  UC- UC  
[    0.000000] found SMP MP-table at [mem 0x0009fff0-0x0009ffff] mapped at [ffff88000009fff0]
[    0.000000] Scanning 1 areas for low memory corruption
[    0.000000] RAMDISK: [mem 0x362dc000-0x37165fff]
[    0.000000] ACPI: Early table checksum verification disabled
[    0.000000] ACPI: RSDP 0x00000000000E0000 000024 (v02 VBOX  )
[    0.000000] ACPI: XSDT 0x000000003FFF0030 00003C (v01 VBOX   VBOXXSDT 00000001 ASL  00000061)
[    0.000000] ACPI: FACP 0x000000003FFF00F0 0000F4 (v04 VBOX   VBOXFACP 00000001 ASL  00000061)
[    0.000000] ACPI: DSDT 0x000000003FFF0470 002325 (v02 VBOX   VBOXBIOS 00000002 INTL 20100528)
[    0.000000] ACPI: FACS 0x000000003FFF0200 000040
[    0.000000] ACPI: FACS 0x000000003FFF0200 000040
[    0.000000] ACPI: APIC 0x000000003FFF0240 00005C (v02 VBOX   VBOXAPIC 00000001 ASL  00000061)
[    0.000000] ACPI: SSDT 0x000000003FFF02A0 0001CC (v01 VBOX   VBOXCPUT 00000002 INTL 20100528)
[    0.000000] No NUMA configuration found
[    0.000000] Faking a node at [mem 0x0000000000000000-0x000000003ffeffff]
[    0.000000] NODE_DATA(0) allocated [mem 0x3ffeb000-0x3ffeffff]
[    0.000000] kvm-clock: Using msrs 4b564d01 and 4b564d00
[    0.000000] kvm-clock: cpu 0, msr 0:3ffe3001, primary cpu clock
[    0.000000] kvm-clock: using sched offset of 3450885066 cycles
[    0.000000] clocksource: kvm-clock: mask: 0xffffffffffffffff max_cycles: 0x1cd42e4dffb, max_idle_ns: 881590591483 ns
[    0.000000] Zone ranges:
[    0.000000]   DMA      [mem 0x0000000000001000-0x0000000000ffffff]
[    0.000000]   DMA32    [mem 0x0000000001000000-0x000000003ffeffff]
[    0.000000]   Normal   empty
[    0.000000]   Device   empty
[    0.000000] Movable zone start for each node
[    0.000000] Early memory node ranges
[    0.000000]   node   0: [mem 0x0000000000001000-0x000000000009efff]
[    0.000000]   node   0: [mem 0x0000000000100000-0x000000003ffeffff]
[    0.000000] Initmem setup node 0 [mem 0x0000000000001000-0x000000003ffeffff]
[    0.000000] ACPI: PM-Timer IO Port: 0x4008
[    0.000000] IOAPIC[0]: apic_id 2, version 32, address 0xfec00000, GSI 0-23
[    0.000000] ACPI: INT_SRC_OVR (bus 0 bus_irq 0 global_irq 2 dfl dfl)
[    0.000000] ACPI: INT_SRC_OVR (bus 0 bus_irq 9 global_irq 9 low level)
[    0.000000] Using ACPI (MADT) for SMP configuration information
[    0.000000] smpboot: Allowing 2 CPUs, 0 hotplug CPUs
[    0.000000] PM: Registered nosave memory: [mem 0x00000000-0x00000fff]
[    0.000000] PM: Registered nosave memory: [mem 0x0009f000-0x0009ffff]
[    0.000000] PM: Registered nosave memory: [mem 0x000a0000-0x000effff]
[    0.000000] PM: Registered nosave memory: [mem 0x000f0000-0x000fffff]
[    0.000000] e820: [mem 0x40000000-0xfebfffff] available for PCI devices
[    0.000000] Booting paravirtualized kernel on KVM
[    0.000000] clocksource: refined-jiffies: mask: 0xffffffff max_cycles: 0xffffffff, max_idle_ns: 7645519600211568 ns
[    0.000000] setup_percpu: NR_CPUS:512 nr_cpumask_bits:512 nr_cpu_ids:2 nr_node_ids:1
[    0.000000] PERCPU: Embedded 33 pages/cpu @ffff88003fc00000 s95192 r8192 d31784 u1048576
[    0.000000] Built 1 zonelists in Node order, mobility grouping on.  Total pages: 257912
[    0.000000] Policy zone: DMA32
[    0.000000] Kernel command line: BOOT_IMAGE=/boot/vmlinuz-4.4.0-210-generic root=LABEL=cloudimg-rootfs ro console=tty1 console=ttyS0
[    0.000000] PID hash table entries: 4096 (order: 3, 32768 bytes)
[    0.000000] Memory: 997792K/1048120K available (8644K kernel code, 1332K rwdata, 4044K rodata, 1492K init, 1164K bss, 50328K reserved, 0K cma-reserved)
[    0.000000] SLUB: HWalign=64, Order=0-3, MinObjects=0, CPUs=2, Nodes=1
[    0.000000] Kernel/User page tables isolation: enabled
[    0.000000] Hierarchical RCU implementation.
[    0.000000] 	Build-time adjustment of leaf fanout to 64.
[    0.000000] 	RCU restricting CPUs from NR_CPUS=512 to nr_cpu_ids=2.
[    0.000000] RCU: Adjusting geometry for rcu_fanout_leaf=64, nr_cpu_ids=2
[    0.000000] NR_IRQS:33024 nr_irqs:440 16
[    0.000000] Console: colour VGA+ 80x25
[    0.000000] console [tty1] enabled
[    0.000000] console [ttyS0] enabled
[    0.000000] tsc: Detected 2496.004 MHz processor
[    0.156727] Calibrating delay loop (skipped) preset value.. 4992.00 BogoMIPS (lpj=9984016)
[    0.158454] pid_max: default: 32768 minimum: 301
[    0.159336] ACPI: Core revision 20150930
[    0.161029] ACPI: 2 ACPI AML tables successfully acquired and loaded
[    0.162504] Security Framework initialized
[    0.163379] Yama: becoming mindful.
[    0.164292] AppArmor: AppArmor initialized
[    0.165428] Dentry cache hash table entries: 131072 (order: 8, 1048576 bytes)
[    0.170366] Inode-cache hash table entries: 65536 (order: 7, 524288 bytes)
[    0.172628] Mount-cache hash table entries: 2048 (order: 2, 16384 bytes)
[    0.174230] Mountpoint-cache hash table entries: 2048 (order: 2, 16384 bytes)
[    0.175952] Initializing cgroup subsys io
[    0.176879] Initializing cgroup subsys memory
[    0.177866] Initializing cgroup subsys devices
[    0.179046] Initializing cgroup subsys freezer
[    0.180045] Initializing cgroup subsys net_cls
[    0.180998] Initializing cgroup subsys perf_event
[    0.182285] Initializing cgroup subsys net_prio
[    0.183349] Initializing cgroup subsys hugetlb
[    0.184239] Initializing cgroup subsys pids
[    0.186345] mce: CPU supports 0 MCE banks
[    0.187171] Last level iTLB entries: 4KB 128, 2MB 8, 4MB 8
[    0.188422] Last level dTLB entries: 4KB 64, 2MB 0, 4MB 0, 1GB 4
[    0.189649] Spectre V1 : Mitigation: usercopy/swapgs barriers and __user pointer sanitization
[    0.191475] Spectre V2 : Mitigation: Full generic retpoline
[    0.192649] Spectre V2 : Spectre v2 / SpectreRSB mitigation: Filling RSB on context switch
[    0.194799] Speculative Store Bypass: Vulnerable
[    0.196280] SRBDS: Unknown: Dependent on hypervisor status
[    0.197449] MDS: Mitigation: Clear CPU buffers
[    0.201943] Freeing SMP alternatives memory: 36K
[    0.211154] ftrace: allocating 32380 entries in 127 pages
[    0.278590] smpboot: APIC(0) Converting physical 0 to logical package 0
[    0.279996] smpboot: Max logical packages: 1
[    0.281102] x2apic enabled
[    0.281967] Switched APIC routing to physical x2apic.
[    0.284169] ..TIMER: vector=0x30 apic1=0 pin1=2 apic2=-1 pin2=-1
[    0.393405] smpboot: CPU0: Intel(R) Core(TM) i5-7300HQ CPU @ 2.50GHz (family: 0x6, model: 0x9e, stepping: 0x9)
[    0.395993] Performance Events: unsupported p6 CPU model 158 no PMU driver, software events only.
[    0.409364] KVM setup paravirtual spinlock
[    0.410964] x86: Booting SMP configuration:
[    0.412100] .... node  #0, CPUs:      #1
[    0.413350] kvm-clock: cpu 1, msr 0:3ffe3041, secondary cpu clock
[    0.415565] mce: CPU supports 0 MCE banks
[    0.418435] x86: Booted up 1 node, 2 CPUs
[    0.419585] smpboot: Total of 2 processors activated (9984.01 BogoMIPS)
[    0.421290] devtmpfs: initialized
[    0.424013] evm: security.selinux
[    0.424840] evm: security.SMACK64
[    0.425783] evm: security.SMACK64EXEC
[    0.427354] evm: security.SMACK64TRANSMUTE
[    0.428283] evm: security.SMACK64MMAP
[    0.429211] evm: security.ima
[    0.429959] evm: security.capability
[    0.431023] clocksource: jiffies: mask: 0xffffffff max_cycles: 0xffffffff, max_idle_ns: 7645041785100000 ns
[    0.433343] futex hash table entries: 512 (order: 3, 32768 bytes)
[    0.434679] pinctrl core: initialized pinctrl subsystem
[    0.436028] RTC time: 15:17:58, date: 04/17/23
[    0.437200] NET: Registered protocol family 16
[    0.450132] cpuidle: using governor ladder
[    0.463999] cpuidle: using governor menu
[    0.465141] PCCT header not found.
[    0.466242] ACPI: bus type PCI registered
[    0.467162] acpiphp: ACPI Hot Plug PCI Controller Driver version: 0.5
[    0.468535] PCI: Using configuration type 1 for base access
[    0.483432] ACPI: Added _OSI(Module Device)
[    0.484454] ACPI: Added _OSI(Processor Device)
[    0.485422] ACPI: Added _OSI(3.0 _SCP Extensions)
[    0.486774] ACPI: Added _OSI(Processor Aggregator Device)
[    0.488614] ACPI: Executed 1 blocks of module-level executable AML code
[    0.492879] ACPI: Interpreter enabled
[    0.493852] ACPI: (supports S0 S5)
[    0.494752] ACPI: Using IOAPIC for interrupt routing
[    0.496546] PCI: Using host bridge windows from ACPI; if necessary, use "pci=nocrs" and report a bug
[    0.501961] ACPI: PCI Root Bridge [PCI0] (domain 0000 [bus 00-ff])
[    0.503405] acpi PNP0A03:00: _OSC: OS supports [ASPM ClockPM Segments MSI]
[    0.505073] acpi PNP0A03:00: _OSC: not requesting OS control; OS requires [ExtendedConfig ASPM ClockPM MSI]
[    0.507371] acpi PNP0A03:00: fail to add MMCONFIG information, can't access extended PCI configuration space under this bridge.
[    0.510017] PCI host bridge to bus 0000:00
[    0.510950] pci_bus 0000:00: root bus resource [io  0x0000-0x0cf7 window]
[    0.512370] pci_bus 0000:00: root bus resource [io  0x0d00-0xffff window]
[    0.513917] pci_bus 0000:00: root bus resource [mem 0x000a0000-0x000bffff window]
[    0.515692] pci_bus 0000:00: root bus resource [mem 0x40000000-0xfdffffff window]
[    0.517306] pci_bus 0000:00: root bus resource [bus 00-ff]
[    0.520190] pci 0000:00:01.1: legacy IDE quirk: reg 0x10: [io  0x01f0-0x01f7]
[    0.521614] pci 0000:00:01.1: legacy IDE quirk: reg 0x14: [io  0x03f6]
[    0.523209] pci 0000:00:01.1: legacy IDE quirk: reg 0x18: [io  0x0170-0x0177]
[    0.534373] pci 0000:00:01.1: legacy IDE quirk: reg 0x1c: [io  0x0376]
[    0.552205] pci 0000:00:07.0: quirk: [io  0x4000-0x403f] claimed by PIIX4 ACPI
[    0.554096] pci 0000:00:07.0: quirk: [io  0x4100-0x410f] claimed by PIIX4 SMB
[    0.565703] ACPI: PCI Interrupt Link [LNKA] (IRQs 5 9 10 *11)
[    0.567744] ACPI: PCI Interrupt Link [LNKB] (IRQs 5 9 *10 11)
[    0.569506] ACPI: PCI Interrupt Link [LNKC] (IRQs 5 *9 10 11)
[    0.571640] ACPI: PCI Interrupt Link [LNKD] (IRQs 5 9 10 *11)
[    0.574032] ACPI: Enabled 2 GPEs in block 00 to 07
[    0.575413] vgaarb: setting as boot device: PCI:0000:00:02.0
[    0.576730] vgaarb: device added: PCI:0000:00:02.0,decodes=io+mem,owns=io+mem,locks=none
[    0.578534] vgaarb: loaded
[    0.579162] vgaarb: bridge control possible 0000:00:02.0
[    0.580419] SCSI subsystem initialized
[    0.581304] ACPI: bus type USB registered
[    0.582430] usbcore: registered new interface driver usbfs
[    0.583497] usbcore: registered new interface driver hub
[    0.584525] usbcore: registered new device driver usb
[    0.589091] PCI: Using ACPI for IRQ routing
[    0.590297] NetLabel: Initializing
[    0.591034] NetLabel:  domain hash size = 128
[    0.591928] NetLabel:  protocols = UNLABELED CIPSOv4
[    0.595492] NetLabel:  unlabeled traffic allowed by default
[    0.597008] amd_nb: Cannot enumerate AMD northbridges
[    0.598782] clocksource: Switched to clocksource kvm-clock
[    0.613225] AppArmor: AppArmor Filesystem Enabled
[    0.614483] pnp: PnP ACPI init
[    0.616243] pnp: PnP ACPI: found 3 devices
[    0.626877] clocksource: acpi_pm: mask: 0xffffff max_cycles: 0xffffff, max_idle_ns: 2085701024 ns
[    0.629056] NET: Registered protocol family 2
[    0.630135] TCP established hash table entries: 8192 (order: 4, 65536 bytes)
[    0.631705] TCP bind hash table entries: 8192 (order: 5, 131072 bytes)
[    0.633079] TCP: Hash tables configured (established 8192 bind 8192)
[    0.634517] UDP hash table entries: 512 (order: 2, 16384 bytes)
[    0.635932] UDP-Lite hash table entries: 512 (order: 2, 16384 bytes)
[    0.637237] NET: Registered protocol family 1
[    0.638179] pci 0000:00:00.0: Limiting direct PCI/PCI transfers
[    0.639471] pci 0000:00:01.0: Activating ISA DMA hang workarounds
[    0.640866] Unpacking initramfs...
[    0.905391] Freeing initrd memory: 14888K
[    0.906718] clocksource: tsc: mask: 0xffffffffffffffff max_cycles: 0x23fa7af7c80, max_idle_ns: 440795241955 ns
[    0.908854] platform rtc_cmos: registered platform RTC device (no PNP device found)
[    0.910647] Scanning for low memory corruption every 60 seconds
[    0.912295] audit: initializing netlink subsys (disabled)
[    0.913548] audit: type=2000 audit(1681744684.207:1): initialized
[    0.915018] Initialise system trusted keyring
[    0.916220] HugeTLB registered 2 MB page size, pre-allocated 0 pages
[    0.918781] zbud: loaded
[    0.919925] VFS: Disk quotas dquot_6.6.0
[    0.920828] VFS: Dquot-cache hash table entries: 512 (order 0, 4096 bytes)
[    0.922677] squashfs: version 4.0 (2009/01/31) Phillip Lougher
[    0.924495] fuse init (API version 7.23)
[    0.925503] Key type big_key registered
[    0.926614] Allocating IMA MOK and blacklist keyrings.
[    0.929506] Key type asymmetric registered
[    0.930421] Asymmetric key parser 'x509' registered
[    0.931613] Block layer SCSI generic (bsg) driver version 0.4 loaded (major 249)
[    0.933606] io scheduler noop registered
[    0.934525] io scheduler deadline registered (default)
[    0.935835] io scheduler cfq registered
[    0.936968] pci_hotplug: PCI Hot Plug PCI Core version: 0.5
[    0.938234] pciehp: PCI Express Hot Plug Controller Driver version: 0.4
[    0.940159] ACPI: AC Adapter [AC] (on-line)
[    0.941197] input: Power Button as /devices/LNXSYSTM:00/LNXPWRBN:00/input/input0
[    0.942885] ACPI: Power Button [PWRF]
[    0.943866] input: Sleep Button as /devices/LNXSYSTM:00/LNXSLPBN:00/input/input1
[    0.945561] ACPI: Sleep Button [SLPF]
[    0.946954] GHES: HEST is not enabled!
[    0.948550] ACPI: Battery Slot [BAT0] (battery present)
[    0.949680] Serial: 8250/16550 driver, 32 ports, IRQ sharing enabled
[    0.971718] 00:02: ttyS0 at I/O 0x3f8 (irq = 4, base_baud = 115200) is a 16550A
[    0.974991] Linux agpgart interface v0.103
[    0.978936] loop: module loaded
[    0.980423] scsi host0: ata_piix
[    0.981386] scsi host1: ata_piix
[    0.982260] ata1: PATA max UDMA/33 cmd 0x1f0 ctl 0x3f6 bmdma 0xd000 irq 14
[    0.984014] ata2: PATA max UDMA/33 cmd 0x170 ctl 0x376 bmdma 0xd008 irq 15
[    0.985398] libphy: Fixed MDIO Bus: probed
[    0.986518] tun: Universal TUN/TAP device driver, 1.6
[    0.987849] tun: (C) 1999-2004 Max Krasnyansky <maxk@qualcomm.com>
[    0.989068] PPP generic driver version 2.4.2
[    0.989982] ehci_hcd: USB 2.0 'Enhanced' Host Controller (EHCI) Driver
[    0.991196] ehci-pci: EHCI PCI platform driver
[    0.992111] ehci-platform: EHCI generic platform driver
[    0.993171] ohci_hcd: USB 1.1 'Open' Host Controller (OHCI) Driver
[    0.994312] ohci-pci: OHCI PCI platform driver
[    0.995630] ohci-platform: OHCI generic platform driver
[    0.996676] uhci_hcd: USB Universal Host Controller Interface driver
[    0.997922] i8042: PNP: PS/2 Controller [PNP0303:PS2K,PNP0f03:PS2M] at 0x60,0x64 irq 1,12
[    1.000086] serio: i8042 KBD port at 0x60,0x64 irq 1
[    1.001080] serio: i8042 AUX port at 0x60,0x64 irq 12
[    1.002189] mousedev: PS/2 mouse device common for all mice
[    1.004102] input: AT Translated Set 2 keyboard as /devices/platform/i8042/serio0/input/input2
[    1.005981] rtc_cmos rtc_cmos: rtc core: registered rtc_cmos as rtc0
[    1.007471] rtc_cmos rtc_cmos: alarms up to one day, 114 bytes nvram
[    1.008673] i2c /dev entries driver
[    1.009519] device-mapper: uevent: version 1.0.3
[    1.010572] device-mapper: ioctl: 4.34.0-ioctl (2015-10-28) initialised: dm-devel@redhat.com
[    1.012518] ledtrig-cpu: registered to indicate activity on CPUs
[    1.015085] NET: Registered protocol family 10
[    1.016764] NET: Registered protocol family 17
[    1.017779] Key type dns_resolver registered
[    1.018880] registered taskstats version 1
[    1.020032] Loading compiled-in X.509 certificates
[    1.021799] Loaded X.509 cert 'Build time autogenerated kernel key: cf00e047681d67edb2720680708b7d9498083038'
[    1.024353] zswap: loaded using pool lzo/zbud
[    1.028246] Key type trusted registered
[    1.032787] Key type encrypted registered
[    1.033759] AppArmor: AppArmor sha1 policy hashing enabled
[    1.035023] ima: No TPM chip found, activating TPM-bypass!
[    1.036378] ima: Allocated hash algorithm: sha1
[    1.037422] evm: HMAC attrs: 0x1
[    1.038657]   Magic number: 3:575:285
[    1.039796] rtc_cmos rtc_cmos: setting system clock to 2023-04-17 15:17:59 UTC (1681744679)
[    1.041780] BIOS EDD facility v0.16 2004-Jun-25, 0 devices found
[    1.043164] EDD information not available.
[    1.164611] Freeing unused kernel memory: 1492K
[    1.165799] Write protecting the kernel read-only data: 14336k
[    1.167535] Freeing unused kernel memory: 1584K
[    1.168692] Freeing unused kernel memory: 52K
Loading, please wait...
starting version 229
[    1.185111] random: systemd-udevd: uninitialized urandom read (16 bytes read, 3 bits of entropy available)
[    1.185794] random: udevadm: uninitialized urandom read (16 bytes read, 3 bits of entropy available)
[    1.185818] random: udevadm: uninitialized urandom read (16 bytes read, 3 bits of entropy available)
[    1.191311] random: systemd-udevd: uninitialized urandom read (16 bytes read, 3 bits of entropy available)
[    1.193600] random: systemd-udevd: uninitialized urandom read (16 bytes read, 3 bits of entropy available)
[    1.193884] random: udevadm: uninitialized urandom read (16 bytes read, 3 bits of entropy available)
[    1.193924] random: udevadm: uninitialized urandom read (16 bytes read, 3 bits of entropy available)
[    1.194047] random: udevadm: uninitialized urandom read (16 bytes read, 3 bits of entropy available)
[    1.194092] random: udevadm: uninitialized urandom read (16 bytes read, 3 bits of entropy available)
[    1.194134] random: udevadm: uninitialized urandom read (16 bytes read, 3 bits of entropy available)
[    1.253669] Fusion MPT base driver 3.04.20
[    1.256083] Copyright (c) 1999-2008 LSI Corporation
[    1.262146] e1000: Intel(R) PRO/1000 Network Driver - version 7.3.21-k8-NAPI
[    1.263782] e1000: Copyright (c) 1999-2006 Intel Corporation.
[    1.274323] AVX2 version of gcm_enc/dec engaged.
[    1.275478] AES CTR mode by8 optimization enabled
[    1.280718] Fusion MPT SPI Host driver 3.04.20
[    1.461544] input: ImExPS/2 Generic Explorer Mouse as /devices/platform/i8042/serio1/input/input4
[    1.632323] e1000 0000:00:03.0 eth0: (PCI:33MHz:32-bit) 02:be:82:6b:cc:1d
[    1.633926] e1000 0000:00:03.0 eth0: Intel(R) PRO/1000 Network Connection
[    1.636198] mptbase: ioc0: Initiating bringup
[    2.047571] ioc0: LSI53C1030 A0: Capabilities={Initiator}
[    3.911976] scsi host2: ioc0: LSI53C1030 A0, FwRev=00000000h, Ports=1, MaxQ=256, IRQ=20
[    5.540895] scsi 2:0:0:0: Direct-Access     VBOX     HARDDISK         1.0  PQ: 0 ANSI: 5
[    5.542809] scsi target2:0:0: Beginning Domain Validation
[    5.549504] scsi target2:0:0: Domain Validation skipping write tests
[    5.550845] scsi target2:0:0: Ending Domain Validation
[    5.552217] scsi target2:0:0: asynchronous
[    5.554393] scsi 2:0:1:0: Direct-Access     VBOX     HARDDISK         1.0  PQ: 0 ANSI: 5
[    5.556648] scsi target2:0:1: Beginning Domain Validation
[    5.560238] scsi target2:0:1: Domain Validation skipping write tests
[    5.561390] scsi target2:0:1: Ending Domain Validation
[    5.562696] scsi target2:0:1: asynchronous
[    5.591782] sd 2:0:0:0: Attached scsi generic sg0 type 0
[    5.593625] sd 2:0:0:0: [sda] 83886080 512-byte logical blocks: (42.9 GB/40.0 GiB)
[    5.596000] sd 2:0:1:0: Attached scsi generic sg1 type 0
[    5.597474] sd 2:0:0:0: [sda] Write Protect is off
[    5.599288] sd 2:0:1:0: [sdb] 20480 512-byte logical blocks: (10.5 MB/10.0 MiB)
[    5.601278] sd 2:0:0:0: [sda] Incomplete mode parameter data
[    5.602938] sd 2:0:0:0: [sda] Assuming drive cache: write through
[    5.604884] sd 2:0:1:0: [sdb] Write Protect is off
[    5.606368] sd 2:0:1:0: [sdb] Incomplete mode parameter data
[    5.607735] sd 2:0:1:0: [sdb] Assuming drive cache: write through
[    5.613637]  sda: sda1
[    5.615883] sd 2:0:0:0: [sda] Attached SCSI disk
[    5.621747] sd 2:0:1:0: [sdb] Attached SCSI disk
[    5.918988] e1000 0000:00:08.0 eth1: (PCI:33MHz:32-bit) 08:00:27:9d:1e:18
[    5.920372] e1000 0000:00:08.0 eth1: Intel(R) PRO/1000 Network Connection
[    5.922591] e1000 0000:00:03.0 enp0s3: renamed from eth0
[    5.935390] e1000 0000:00:08.0 enp0s8: renamed from eth1
Begin: Loading essential drivers ... [    7.275291] md: linear personality registered for level -1
[    7.279280] md: multipath personality registered for level -4
[    7.283366] md: raid0 personality registered for level 0
[    7.289131] md: raid1 personality registered for level 1
[    7.358878] raid6: sse2x1   gen() 10281 MB/s
[    7.426908] raid6: sse2x1   xor()  7808 MB/s
[    7.494974] raid6: sse2x2   gen() 13017 MB/s
[    7.562901] raid6: sse2x2   xor()  8962 MB/s
[    7.630857] raid6: sse2x4   gen() 13094 MB/s
[    7.698870] raid6: sse2x4   xor()  9829 MB/s
[    7.766887] raid6: avx2x1   gen() 20968 MB/s
[    7.834888] raid6: avx2x2   gen() 23744 MB/s
[    7.902870] raid6: avx2x4   gen() 25384 MB/s
[    7.903885] raid6: using algorithm avx2x4 gen() 25384 MB/s
[    7.905181] raid6: using avx2x2 recovery algorithm
[    7.907527] xor: automatically using best checksumming function:
[    7.946868]    avx       : 22588.000 MB/sec
[    7.949177] async_tx: api initialized (async)
[    7.959063] md: raid6 personality registered for level 6
[    7.960247] md: raid5 personality registered for level 5
[    7.961401] md: raid4 personality registered for level 4
[    7.968746] md: raid10 personality registered for level 10
done.
Begin: Running /scripts/init-premount ... done.
Begin: Mounting root file system ... Begin: Running /scripts/local-top ... done.
Begin: Running /scripts/local-premount ... [    8.005157] Btrfs loaded
Scanning for Btrfs filesystems
done.
Warning: fsck not present, so skipping root file system
[    8.036748] EXT4-fs (sda1): mounted filesystem with ordered data mode. Opts: (null)
done.
Begin: Running /scripts/local-bottom ... done.
Begin: Running /scripts/init-bottom ... done.
[    8.131979] systemd[1]: systemd 229 running in system mode. (+PAM +AUDIT +SELINUX +IMA +APPARMOR +SMACK +SYSVINIT +UTMP +LIBCRYPTSETUP +GCRYPT +GNUTLS +ACL +XZ -LZ4 +SECCOMP +BLKID +ELFUTILS +KMOD -IDN)
[    8.135964] systemd[1]: Detected virtualization oracle.
[    8.137266] systemd[1]: Detected architecture x86-64.

Welcome to [1mUbuntu 16.04.7 LTS[0m!

[    8.141249] systemd[1]: Set hostname to <ubuntu>.
[    8.144776] systemd[1]: Initializing machine ID from random generator.
[    8.146595] systemd[1]: Installed transient /etc/machine-id file.
[    8.298061] systemd[1]: Reached target User and Group Name Lookups.
[[0;32m  OK  [0m] Reached target User and Group Name Lookups.
[    8.300337] systemd[1]: Reached target Swap.
[[0;32m  OK  [0m] Reached target Swap.
[    8.308004] systemd[1]: Started Forward Password Requests to Wall Directory Watch.
[[0;32m  OK  [0m] Started Forward Password Requests to Wall Directory Watch.
[    8.310910] systemd[1]: Listening on Journal Socket.
[[0;32m  OK  [0m] Listening on Journal Socket.
[    8.312855] systemd[1]: Reached target System Time Synchronized.
[[0;32m  OK  [0m] Reached target System Time Synchronized.
[    8.315039] systemd[1]: Listening on LVM2 poll daemon socket.
[[0;32m  OK  [0m] Listening on LVM2 poll daemon socket.
[    8.317386] systemd[1]: Reached target Encrypted Volumes.
[[0;32m  OK  [0m] Reached target Encrypted Volumes.
[    8.319260] systemd[1]: Listening on Syslog Socket.
[[0;32m  OK  [0m] Listening on Syslog Socket.
[    8.321051] systemd[1]: Listening on udev Control Socket.
[[0;32m  OK  [0m] Listening on udev Control Socket.
[    8.323259] systemd[1]: Created slice User and Session Slice.
[[0;32m  OK  [0m] Created slice User and Session Slice.
[    8.325276] systemd[1]: Set up automount Arbitrary Executable File Formats File System Automount Point.
[[0;32m  OK  [0m] Set up automount Arbitrary Executab...ats File System Automount Point.
[    8.328578] systemd[1]: Listening on /dev/initctl Compatibility Named Pipe.
[[0;32m  OK  [0m] Listening on /dev/initctl Compatibility Named Pipe.
[    8.330957] systemd[1]: Listening on Journal Audit Socket.
[[0;32m  OK  [0m] Listening on Journal Audit Socket.
[    8.333242] systemd[1]: Listening on LVM2 metadata daemon socket.
[[0;32m  OK  [0m] Listening on LVM2 metadata daemon socket.
[    8.344008] systemd[1]: Listening on Device-mapper event daemon FIFOs.
[[0;32m  OK  [0m] Listening on Device-mapper event daemon FIFOs.
[    8.346398] systemd[1]: Listening on Journal Socket (/dev/log).
[[0;32m  OK  [0m] Listening on Journal Socket (/dev/log).
[    8.348790] systemd[1]: Created slice System Slice.
[[0;32m  OK  [0m] Created slice System Slice.
[    8.367511] systemd[1]: Starting Uncomplicated firewall...
         Starting Uncomplicated firewall...
[    8.371517] systemd[1]: Mounting POSIX Message Queue File System...
         Mounting POSIX Message Queue File System...
[    8.376210] systemd[1]: Starting Load Kernel Modules...
         Starting Load Kernel Modules...
[    8.384081] systemd[1]: Mounting Huge Pages File System...
         Mounting Huge Pages File System...
[    8.387568] Loading iSCSI transport class v2.0-870.
[    8.388509] systemd[1]: Starting Set console keymap...
         Starting Set console keymap...
[    8.391718] systemd[1]: Mounting Debug File System...
         Mounting Debug File System...
[    8.398103] systemd[1]: Starting Journal Service...
         Starting Journal Service...
[    8.404874] iscsi: registered transport (tcp)
[    8.407878] systemd[1]: Starting Nameserver information manager...
         Starting Nameserver information manager...
[    8.411130] systemd[1]: Starting Monitoring of LVM2 mirrors, snapshots etc. using dmeventd or progress polling...
         Starting Monitoring of LVM2 mirrors... dmeventd or progress polling...
[    8.418480] systemd[1]: Created slice system-serial\x2dgetty.slice.
[[0;32m  OK  [0m] Created slice system-serial\x2dgetty.slice.
[    8.427289] systemd[1]: Reached target Slices.
[[0;32m  OK  [0m] Reached target Slices.
[    8.429938] systemd[1]: Listening on fsck to fsckd communication Socket.
[[0;32m  OK  [0m] Listening on fsck to fsckd communication Socket.
[    8.434032] systemd[1]: Starting File System Check on Root Device...
         Starting File System Check on Root Device...
[    8.439599] systemd[1]: Starting Create list of required static device nodes for the current kernel...
         Starting Create list of required st... nodes for the current kernel...
[    8.447890] systemd[1]: Started Trigger resolvconf update for networkd DNS.
[[0;32m  OK  [0m] Started Trigger resolvconf update for networkd DNS.
[    8.453549] systemd[1]: Listening on udev Kernel Socket.
[[0;32m  OK  [0m] Listening on udev Kernel Socket.
[    8.460355] systemd[1]: Mounted Huge Pages File System.
[[0;32m  OK  [0m] Mounted Huge Pages File System.
[    8.463752] systemd[1]: Mounted POSIX Message Queue File System.
[[0;32m  OK  [0m] Mounted POSIX Message Queue File System.
[    8.467022] systemd[1]: Mounted Debug File System.
[[0;32m  OK  [0m] Mounted Debug File System.
[    8.468839] systemd[1]: Started Journal Service.
[[0;32m  OK  [0m] Started Journal Service.
[[0;32m  OK  [0m] Started Uncomplicated firewall.
[[0;32m  OK  [0m] Started Set console keymap.
[    8.482513] iscsi: registered transport (iser)
[[0;32m  OK  [0m] Started Load Kernel Modules.
[[0;32m  OK  [0m] Started File System Check on Root Device.
[[0;32m  OK  [0m] Started Create list of required sta...ce nodes for the current kernel.
[[0;32m  OK  [0m] Started Nameserver information manager.
[[0;32m  OK  [0m] Started File System Check Daemon to report status.
[[0;32m  OK  [0m] Started LVM2 metadata daemon.
         Starting Create Static Device Nodes in /dev...
         Starting Remount Root and Kernel File Systems...
         Starting Apply Kernel Variables...
         Mounting FUSE Control File System...
[    8.532735] EXT4-fs (sda1): re-mounted. Opts: (null)
[[0;32m  OK  [0m] Mounted FUSE Control File System.
[[0;32m  OK  [0m] Started Remount Root and Kernel File Systems.
[[0;32m  OK  [0m] Started Create Static Device Nodes in /dev.
[[0;32m  OK  [0m] Started Apply Kernel Variables.
         Starting udev Kernel Device Manager...
         Starting Load/Save Random Seed...
         Starting Flush Journal to Persistent Storage...
         Starting udev Coldplug all Devices...
[[0;32m  OK  [0m] Started Load/Save Random Seed.
[[0;32m  OK  [0m] Started Flush Journal to Persistent Storage.
[[0;32m  OK  [0m] Started udev Kernel Device Manager.
[[0;32m  OK  [0m] Started udev Coldplug all Devices.
[[0;32m  OK  [0m] Started Dispatch Password Requests to Console Directory Watch.
[[0;32m  OK  [0m] Started Monitoring of LVM2 mirrors,...ng dmeventd or progress polling.
[[0;32m  OK  [0m] Reached target Local File Systems (Pre).
[[0;32m  OK  [0m] Reached target Local File Systems.
         Starting LSB: AppArmor initialization...
         Starting Commit a transient machine-id on disk...
         Starting Create Volatile Files and Directories...
         Starting Initial cloud-init job (pre-networking)...
         Starting Set console font and keymap...
         Starting Tell Plymouth To Write Out Runtime Data...
[[0;32m  OK  [0m] Found device /dev/ttyS0.
[[0;32m  OK  [0m] Started Create Volatile Files and Directories.
         Starting Update UTMP about System Boot/Shutdown...
[[0;32m  OK  [0m] Started Tell Plymouth To Write Out Runtime Data.
[[0;32m  OK  [0m] Started Update UTMP about System Boot/Shutdown.
[[0;32m  OK  [0m] Started Commit a transient machine-id on disk.
[[0;32m  OK  [0m] Listening on Load/Save RF Kill Switch Status /dev/rfkill Watch.
[[0;32m  OK  [0m] Started Set console font and keymap.
[[0;32m  OK  [0m] Created slice system-getty.slice.
[[0;32m  OK  [0m] Started LSB: AppArmor initialization.
[    9.837240] cloud-init[533]: Cloud-init v. 21.1-19-gbad84ad4-0ubuntu1~16.04.2 running 'init-local' at Mon, 17 Apr 2023 15:18:08 +0000. Up 9.38 seconds.
         Starting Load AppArmor profiles managed internally by snapd...
[[0;32m  OK  [0m] Started Load AppArmor profiles managed internally by snapd.
[[0;32m  OK  [0m] Started Initial cloud-init job (pre-networking).
[[0;32m  OK  [0m] Reached target Network (Pre).
         Starting Raise network interfaces...
[[0;32m  OK  [0m] Started Raise network interfaces.
[[0;32m  OK  [0m] Reached target Network.
         Starting Initial cloud-init job (metadata service crawler)...
[   10.941419] cloud-init[967]: Cloud-init v. 21.1-19-gbad84ad4-0ubuntu1~16.04.2 running 'init' at Mon, 17 Apr 2023 15:18:09 +0000. Up 10.35 seconds.
[   10.952474] cloud-init[967]: ci-info: ++++++++++++++++++++++++++++++++++++++Net device info+++++++++++++++++++++++++++++++++++++++
[   10.954578] cloud-init[967]: ci-info: +--------+-------+----------------------------+---------------+--------+-------------------+
[   10.955757] cloud-init[967]: ci-info: | Device |   Up  |          Address           |      Mask     | Scope  |     Hw-Address    |
[   10.964617] cloud-init[967]: ci-info: +--------+-------+----------------------------+---------------+--------+-------------------+
[   10.965841] cloud-init[967]: ci-info: | enp0s3 |  True |         10.0.2.15          | 255.255.255.0 | global | 02:be:82:6b:cc:1d |
[   10.972434] cloud-init[967]: ci-info: | enp0s3 |  True | fe80::be:82ff:fe6b:cc1d/64 |       .       |  link  | 02:be:82:6b:cc:1d |
[   10.975642] cloud-init[967]: ci-info: | enp0s8 | False |             .              |       .       |   .    | 08:00:27:9d:1e:18 |
[   10.984423] cloud-init[967]: ci-info: |   lo   |  True |         127.0.0.1          |   255.0.0.0   |  host  |         .         |
[   10.985799] cloud-init[967]: ci-info: |   lo   |  True |          ::1/128           |       .       |  host  |         .         |
[   10.988563] [cloud-init[0;32m  OK  [0m[967]: ] ci-info: +--------+-------+----------------------------+---------------+--------+-------------------+Started Initial cloud-init job (metadata service crawler).

[   10.990244] cloud-init[967]: ci-info: +++++++++++++++++++++++++++Route IPv4 info++++++++++++++++++++++++++++
[   10.991589] [[0;32m  OK  [0m] Reached target System Initialization.
[[0;32m  OK  [0m] Started Message of the Day.
cloud-init[967]: ci-info: +-------+-------------+----------+---------------+-----------+-------+
         Starting LXD - unix socket.
[[0;32m  OK  [0m] Listening on ACPID Listen Socket.
[[0;32m  OK  [0m] Started Ubuntu Advantage update messaging.
[[0;32m  OK  [0m] Listening on D-Bus System Message Bus Socket.
[[0;32m  OK  [0m] Started Daily apt download activities.
[[0;32m  OK  [0m] Started Daily apt upgrade and clean activities.
[[0;32m  OK  [0m] Listening on UUID daemon activation socket.
[[0;32m  OK  [0m] Started ACPI Events Check.
[[0;32m  OK  [0m] Reached target Paths.
[   11.006475] [[0;32m  OK  [0m] Started Daily Cleanup of Temporary Directories.
[[0;32m  OK  [0m] Reached target Timers.
         Starting Socket activation for snappy daemon.
cloud-init[967]: ci-info: | Route | Destination | Gateway  |    Genmask    | Interface | Flags |
[[0;32m  OK  [0m] Reached target Cloud-config availability.
[[0;32m  OK  [0m] Reached target Network is Online.
[   11.012963] cloud-init[967]: ci-info: +-------+-------------+----------+---------------+-----------+-------+
[   11.020943]          Starting iSCSI initiator daemon (iscsid)...
[[0;32m  OK  [0m] Listening on LXD - unix socket.
cloud-init[967]: ci-info: |   0   |   0.0.0.0   | 10.0.2.2 |    0.0.0.0    |   enp0s3  |   UG  |
[[0;32m  OK  [0m] Listening on Socket activation for snappy daemon.
[[0;32m  OK  [0m] Reached target Sockets.
[[0;32m  OK  [0m] Reached target Basic System.
[[0;32m  OK  [0m] Started ACPI event daemon.
[   11.026318] cloud-init[967]: ci-info: |   1   |   10.0.2.0  | 0.0.0.0  | 255.255.255.0 |   enp0s3  |   U   |
[   11.027769] cloud-init[967]: ci-info: +-------+-------------+----------+---------------+-----------+-------+
[   11.031496] [[0;32m  OK  [0m] Started Regular background program processing daemon.
cloud-init[967]: ci-info: +++++++++++++++++++Route IPv6 info+++++++++++++++++++         Starting LXD - container startup/shutdown...

[   11.034821] cloud-init[967]: ci-info: +-------+-------------+---------+-----------+-------+         
Starting LSB: Record successful boot for GRUB...
         Starting LSB: MD monitoring daemon...
[   11.037661] cloud-init[[0;32m  OK  [0m] Started D-Bus System Message Bus.
[967]: ci-info: | Route | Destination | Gateway | Interface | Flags |
[   11.044962] cloud-init[967]: ci-info: +-------+-------------+---------+-----------+-------+
[   11.046015] cloud-init[967]: ci-info: |   0   |  fe80::/64  |    ::   |   enp0s3  |   U   |
[   11.048632] cloud-init[967]: ci-info: |   3   |   ff00::/8  |    ::   |   enp0s3  |   U   |
[   11.050562] cloud-init[967]: ci-info: +-------+-------------+---------+-----------+-------+
[   11.051699] cloud-init[967]: Generating public/private rsa key pair.
[   11.052746] cloud-init[967]: Your identification has been saved in /etc/ssh/ssh_host_rsa_key.
[   11.054291] cloud-init[967]: Your public key has been saved in /etc/ssh/ssh_host_rsa_key.pub.
[   11.055829] cloud-init[967]: The key fingerprint is:
[   11.056880] cloud-init[967]: SHA256:cS+KPWbhCY0IOkr1z35Ojp1+Ubj4loT6cnrFFCZu+6w root@ubuntu-xenial
[   11.058161] cloud-init[967]: The key's randomart image is:
[   11.059154] cloud-init[967]: +---[RSA 2048]----+
[   11.059977] cloud-init[967]: |                 |
[   11.068342] cloud-init[967]: |         . o     |
[   11.069123] cloud-init[967]: |  ..    o + o    |
[   11.069943] cloud-init[967]: | ..... o = + .   |
[   11.070930] cloud-init[967]: |o.  ..o S B +    |
[   11.071718] cloud-init[967]: |o.    o= B B     |
[   11.072549] cloud-init[967]: |.     .oX.* o    |
[   11.073426] cloud-init[967]: |      .===.B     |
[   11.074341] cloud-init[967]: |       +XE+      |
[   11.075206] cloud-init[967]: +----[SHA256]-----+
[   11.075971] cloud-init[967]: Generating public/private dsa key pair.
[   11.077113] cloud-init[967]: Your identification has been saved in /etc/ssh/ssh_host_dsa_key.
[   11.078364] cloud-init[967]: Your public key has been saved in /etc/ssh/ssh_host_dsa_key.pub.
[   11.079914] cloud-init[967]: The key fingerprint is:
[   11.088242] cloud-init[967]: SHA256:R/ve5osxV4+bBv7h7XQ4/UZtGsk3KO/C+hAfJkrhqEU root@ubuntu-xenial
[   11.089501] cloud-init[967]: The key's randomart image is:
[   11.090818] cloud-init[967]: +---[DSA 1024]----+
[   11.096657] cloud-init[967]: |                 |
[   11.097617] cloud-init[967]: |                 |
[   11.098496] cloud-init[967]: |     E .  .      |
[   11.099376] cloud-init[967]: |    . o .. .     |
[   11.101466] [[0;32m  OK  [0m] Started Deferred execution scheduler.
cloud-init         Starting Virtualbox guest utils...
[967]: |     o oSooo ...o|
[   11.104218]          Starting /etc/rc.local Compatibility...
cloud-init[967]: |    o . ..=oo.+**|
[   11.105985] [[0;32m  OK  [0m] Started FUSE filesystem for LXC.
cloud-init[967]: |   .   . ..o*.***|
[   11.109230]          Starting Snap Daemon...
cloud-init         Starting Pollinate to seed the pseudo random number generator...
         Starting System Logging Service...
         Starting Login Service...
         Starting Accounts Service...
[[0;32m  OK  [0m] Started /etc/rc.local Compatibility.
[[0;32m  OK  [0m] Started iSCSI initiator daemon (iscsid).
         Starting Login to default iSCSI targets...
[[0;32m  OK  [0m] Started System Logging Service.
[[0;32m  OK  [0m] Started Login Service.
[[0;32m  OK  [0m] Started Unattended Upgrades Shutdown.
[967]: |          .+.O+B+|
[   11.150894] cloud-init[967]: |         .o.=*O++|
[   11.153310] cloud-init[967]: +----[SHA256]-----+[[0;32m  OK  [0m] Started LSB: Record successful boot for GRUB.
[[0;32m  OK  [0m] Started LSB: MD monitoring daemon.
[[0;32m  OK  [0m] Started Login to default iSCSI targets.
[[0;32m  OK  [0m] Reached target Remote File Systems (Pre).
[[0;32m  OK  [0m] Reached target Remote File Systems.
         Starting LSB: automatic crash report generation...
         Starting Permit User Sessions...

[   11.184873]          Starting LSB: daemon to balance interrupts for SMP systems...
cloud-init[967]: Generating public/private ecdsa key pair.
         Starting LSB: Set the CPU Frequency Scaling governor to "ondemand"...
[[0;32m  OK  [0m] Started Permit User Sessions.
[   11.211644] cloud-init[967]: Your identification has been saved in /etc/ssh/ssh_host_ecdsa_key.
[   11.220817]          Starting Hold until boot process finishes up...
cloud-init         Starting Terminate Plymouth Boot Screen...
[967]: Your public key has been saved in /etc/ssh/ssh_host_ecdsa_key.pub.
[[0;32m  OK  [0m] Started Hold until boot process finishes up.
[[0;32m  OK  [0m] Started Serial Getty on ttyS0.
         Starting Set console scheme...
[[0;32m  OK  [0m] Started Getty on tty1.
[[0;32m  OK  [0m] Reached target Login Prompts.
[[0;32m  OK  [0m] Started Terminate Plymouth Boot Screen.
[   11.239186] [[0;32m  OK  [0m] Started Set console scheme.
cloud-init[967]: The key fingerprint is:
[   11.254344] cloud-init[967]: SHA256:kvXppfFPo7NNxJccsg+EjZ6Y+C7Ld2ajPhas5wZewbM root@ubuntu-xenial
[   11.256274] cloud-init[967]: The key's randomart image is:
[   11.266943] cloud-init[967]: +---[ECDSA 256]---+
[   11.269262] cloud-init[967]: |                 |
[   11.271416] cloud-init[967]: |            +    |
         Starting Authenticate and Authorize Users to Run Privileged Tasks...
[   11.284673] [[0;32m  OK  [0m] Started LXD - container startup/shutdown.
[[0;32m  OK  [0m] Started LSB: daemon to balance interrupts for SMP systems.
[[0;32m  OK  [0m] Started LSB: Set the CPU Frequency Scaling governor to "ondemand".
cloud-init[967]: |        o  o + . |
[   11.294395] cloud-init[967]: |       o.=+.o.+ o|
[   11.295417] cloud-init[967]: |      o.SoBo.ooo.|
[   11.300217] [[0;32m  OK  [0m] Started LSB: automatic crash report generation.
cloud-init[967]: |       o.E = .o. |
[   11.306512] cloud-init[967]: |      . +.+ . +. |
[   11.316532] cloud-init[967]: |      .+.* =.* . |
[   11.317735] cloud-init[967]: |       oX=* +oo  |
[   11.318966] cloud-init[967]: +----[SHA256]-----+
[   11.329404] cloud-init[967]: Generating public/private ed25519 key pair.
[   11.331401] cloud-init[967]: Your identification has been saved in /etc/ssh/ssh_host_ed25519_key.
[   11.333122] cloud-init[967]: Your public key has been saved in /etc/ssh/ssh_host_ed25519_key.pub.
[   11.334823] cloud-init[967]: The key fingerprint is:
[   11.335985] cloud-init[967]: SHA256:dglzP30gFTCwWMegtWtVQWPojGCrDw3UWXGCfZuSI6g root@ubuntu-xenial
[   11.337503] cloud-init[967]: The key's randomart image is:
[   11.338887] cloud-init[967]: +--[ED25519 256]--+
[   11.345295] cloud-init[967]: |       . =O==+Oo |
[   11.346812] cloud-init[967]: |      . *=.*+= . |
[[0;32m  OK  [0m] Started Authenticate and Authorize Users to Run Privileged Tasks.
[[0;32m  OK  [0m] Started Virtualbox guest utils.
[[0;32m  OK  [0m] Started Accounts Service.
[   11.356425] cloud-init[967]: |     . o=o+*oo.  |
[   11.373037] cloud-init[967]: |      o o+===o . |
[   11.380500] cloud-init[967]: |     . +S.=oo . .|
[   11.381794] cloud-init[967]: |    E o..o   . . |
[   11.382795] cloud-init[967]: |       o         |
[   11.384352] cloud-init[967]: |        .        |
[   11.388818] cloud-init[967]: |                 |
[   11.390813] cloud-init[967]: +----[SHA256]-----+
[[0;32m  OK  [0m] Started Snap Daemon.
         Starting Wait until snapd is fully seeded...
[[0;32m  OK  [0m] Started Pollinate to seed the pseudo random number generator.
         Starting OpenBSD Secure Shell server...
[[0;32m  OK  [0m] Started OpenBSD Secure Shell server.
[[0;32m  OK  [0m] Started Wait until snapd is fully seeded.
[[0;32m  OK  [0m] Reached target Multi-User System.
[[0;32m  OK  [0m] Reached target Graphical Interface.
         Starting Update UTMP about System Runlevel Changes...
         Starting Apply the settings specified in cloud-config...
[[0;32m  OK  [0m] Started Update UTMP about System Runlevel Changes.
[[0;32m  OK  [0m] Created slice User Slice of vagrant.
         Starting User Manager for UID 1000...
[[0;32m  OK  [0m] Started Session 1 of user vagrant.
[[0;32m  OK  [0m] Started User Manager for UID 1000.
[   12.555510] cloud-init[1319]: Generating locales (this might take a while)...
[   13.552280] cloud-init[1319]:   en_US.UTF-8... done
[   13.553744] cloud-init[1319]: Generation complete.
[   13.901683] cloud-init[1319]: Cloud-init v. 21.1-19-gbad84ad4-0ubuntu1~16.04.2 running 'modules:config' at Mon, 17 Apr 2023 15:18:11 +0000. Up 12.44 seconds.
[[0;32m  OK  [0m] Started Apply the settings specified in cloud-config.
         Starting Execute cloud user/final scripts...
ci-info: no authorized SSH keys fingerprints found for user ubuntu.
<14>Apr 17 15:18:13 ec2: 
<14>Apr 17 15:18:13 ec2: #############################################################
<14>Apr 17 15:18:13 ec2: -----BEGIN SSH HOST KEY FINGERPRINTS-----
<14>Apr 17 15:18:13 ec2: 1024 SHA256:R/ve5osxV4+bBv7h7XQ4/UZtGsk3KO/C+hAfJkrhqEU root@ubuntu-xenial (DSA)
<14>Apr 17 15:18:13 ec2: 256 SHA256:kvXppfFPo7NNxJccsg+EjZ6Y+C7Ld2ajPhas5wZewbM root@ubuntu-xenial (ECDSA)
<14>Apr 17 15:18:13 ec2: 256 SHA256:dglzP30gFTCwWMegtWtVQWPojGCrDw3UWXGCfZuSI6g root@ubuntu-xenial (ED25519)
<14>Apr 17 15:18:13 ec2: 2048 SHA256:cS+KPWbhCY0IOkr1z35Ojp1+Ubj4loT6cnrFFCZu+6w root@ubuntu-xenial (RSA)
<14>Apr 17 15:18:13 ec2: -----END SSH HOST KEY FINGERPRINTS-----
<14>Apr 17 15:18:13 ec2: #############################################################
-----BEGIN SSH HOST KEY KEYS-----
ecdsa-sha2-nistp256 AAAAE2VjZHNhLXNoYTItbmlzdHAyNTYAAAAIbmlzdHAyNTYAAABBBNRjVlNPLHKcOzQ1fSgUmL3eAaV42z+n4qZwUfhtojJbaPb1fW2iOWbtacOCHgZyHtG1SAImlCS+WxMxcf4/1r0= root@ubuntu-xenial
ssh-ed25519 AAAAC3NzaC1lZDI1NTE5AAAAIOLNetLJ3qAWJ3ZCeFzKDffOQtE4OBDcV+DbFGdpVclE root@ubuntu-xenial
ssh-rsa AAAAB3NzaC1yc2EAAAADAQABAAABAQCnudN3mFUhs40Bt9FFHytClqFeg+tp80+jXtKogC5RbH/dWlc5sXnqbka3G+eC0KwCI2/9gISLIlJYG1i6a9+eopIHqpxNSZVO+P4p2GXjaO01/l/5XVSO1ukG7gQsZDa6fSK80WmwbVOSuAfSwMPwxjhbFthpdHsvlJckNKIseWiiZ7cL68KuJJtWIk+FI+faScxxQGLDsFzQLuEQo/TfLfxKxiyZQePJcgAp8iVYjEAHMmHOdCDoKf3o1cmXY9L/EnJZ1ujqOOtCvjcaxipOq4fm6iVJWN6K6Qu/m6Ply9ClB1kxdRQx88sgqyzWIA54+tVG7h0PG4eH8WxHUcL7 root@ubuntu-xenial
-----END SSH HOST KEY KEYS-----
[   14.378293] cloud-init[1492]: Cloud-init v. 21.1-19-gbad84ad4-0ubuntu1~16.04.2 running 'modules:final' at Mon, 17 Apr 2023 15:18:12 +0000. Up 14.23 seconds.
[   14.379981] cloud-init[1492]: ci-info: no authorized SSH keys fingerprints found for user ubuntu.
[   14.381702] cloud-init[1492]: Cloud-init v. 21.1-19-gbad84ad4-0ubuntu1~16.04.2 finished at Mon, 17 Apr 2023 15:18:13 +0000. Datasource DataSourceNoCloud [seed=/dev/sdb][dsmode=net].  Up 14.37 seconds
[[0;32m  OK  [0m] Started Execute cloud user/final scripts.
[[0;32m  OK  [0m] Reached target Cloud-init target.

Ubuntu 16.04.7 LTS ubuntu-xenial ttyS0

ubuntu-xenial login: 